<?xml version="1.0" encoding="UTF-8"?>
<!-- Generated by org.testng.reporters.JUnitXMLReporter -->
<testsuite hostname="DESKTOP-7PESHKB" ignored="0" name="Default test" tests="2" failures="0" timestamp="06 Oct 2017 10:08:51 GMT" time="0.067" errors="0">
  <testcase name="@BeforeTest init" time="0.0" classname="configuration.TestBase">
    <failure type="org.testng.TestNGException" message="
Parameter &amp;apos;browserName&amp;apos; is required by BeforeTest on method init but has not been marked @Optional or defined
in C:\Users\khang\AppData\Local\Temp\testng-eclipse-1688542046\testng-customsuite.xml">
      <![CDATA[org.testng.TestNGException: 
Parameter 'browserName' is required by BeforeTest on method init but has not been marked @Optional or defined
in C:\Users\khang\AppData\Local\Temp\testng-eclipse-1688542046\testng-customsuite.xml
	at org.testng.internal.Parameters.createParams(Parameters.java:248)
	at org.testng.internal.Parameters.createParametersForMethod(Parameters.java:286)
	at org.testng.internal.Parameters.createParameters(Parameters.java:547)
	at org.testng.internal.Parameters.createConfigurationParameters(Parameters.java:150)
	at org.testng.internal.Invoker.invokeConfigurations(Invoker.java:206)
	at org.testng.internal.Invoker.invokeConfigurations(Invoker.java:146)
	at org.testng.TestRunner.beforeRun(TestRunner.java:658)
	at org.testng.TestRunner.run(TestRunner.java:626)
	at org.testng.SuiteRunner.runTest(SuiteRunner.java:425)
	at org.testng.SuiteRunner.runSequentially(SuiteRunner.java:420)
	at org.testng.SuiteRunner.privateRun(SuiteRunner.java:385)
	at org.testng.SuiteRunner.run(SuiteRunner.java:334)
	at org.testng.SuiteRunnerWorker.runSuite(SuiteRunnerWorker.java:52)
	at org.testng.SuiteRunnerWorker.run(SuiteRunnerWorker.java:86)
	at org.testng.TestNG.runSuitesSequentially(TestNG.java:1318)
	at org.testng.TestNG.runSuitesLocally(TestNG.java:1243)
	at org.testng.TestNG.runSuites(TestNG.java:1161)
	at org.testng.TestNG.run(TestNG.java:1129)
	at org.testng.remote.AbstractRemoteTestNG.run(AbstractRemoteTestNG.java:114)
	at org.testng.remote.RemoteTestNG.initAndRun(RemoteTestNG.java:251)
	at org.testng.remote.RemoteTestNG.main(RemoteTestNG.java:77)
]]>
    </failure>
  </testcase> <!-- @BeforeTest init -->
  <testcase name="@BeforeClass setUp" time="0.0" classname="modules.SearchTest">
    <skipped/>
  </testcase> <!-- @BeforeClass setUp -->
  <testcase name="@AfterMethod takeScreenShotIfFailure" time="0.0" classname="configuration.TestBase">
    <skipped/>
  </testcase> <!-- @AfterMethod takeScreenShotIfFailure -->
  <testcase name="@AfterMethod takeScreenShotIfFailure" time="0.0" classname="configuration.TestBase">
    <skipped/>
  </testcase> <!-- @AfterMethod takeScreenShotIfFailure -->
  <testcase name="@AfterTest tearDown" time="0.0" classname="configuration.TestBase">
    <skipped/>
  </testcase> <!-- @AfterTest tearDown -->
  <testcase name="getWeb" time="0.0" classname="modules.SearchTest">
    <skipped/>
  </testcase> <!-- getWeb -->
  <testcase name="search" time="0.0" classname="modules.SearchTest">
    <skipped/>
  </testcase> <!-- search -->
</testsuite> <!-- Default test -->
