<?xml version="1.0" encoding="UTF-8"?>
<!-- Generated by org.testng.reporters.JUnitXMLReporter -->
<testsuite hostname="DESKTOP-68N07VS" ignored="0" name="Test" tests="9" failures="0" timestamp="11 Oct 2017 16:06:46 GMT" time="512.375" errors="0">
  <testcase name="getWeb" time="1.009" classname="modules.SearchTest"/>
  <testcase name="order001_CheckCartInfoNoLogin" time="6.428" classname="modules.OrderTest"/>
  <testcase name="order002_OrderNoLogin" time="3.626" classname="modules.OrderTest"/>
  <testcase name="order003_AddMenuNoLogin" time="2.966" classname="modules.OrderTest"/>
  <testcase name="order004_OrderNoMenu" time="8.764" classname="modules.OrderTest"/>
  <testcase name="order005_AddMenuAfterLogin" time="433.229" classname="modules.OrderTest"/>
  <testcase name="order007_CheckNote" time="18.641" classname="modules.OrderTest"/>
  <testcase name="order008_AddCart" time="10.339" classname="modules.OrderTest"/>
  <testcase name="order009_RemoveCart" time="12.284" classname="modules.OrderTest"/>
</testsuite> <!-- Test -->
