<?xml version="1.0" encoding="UTF-8"?>
<testng-results skipped="0" failed="0" ignored="0" total="1" passed="1">
  <reporter-output>
  </reporter-output>
  <suite name="Default suite" duration-ms="7253" started-at="2017-10-04T09:43:43Z" finished-at="2017-10-04T09:43:51Z">
    <groups>
    </groups>
    <test name="Default test" duration-ms="7253" started-at="2017-10-04T09:43:43Z" finished-at="2017-10-04T09:43:51Z">
      <class name="modules.TestNG">
        <test-method status="PASS" signature="a()[pri:0, instance:modules.TestNG@402f32ff]" name="a" is-config="true" duration-ms="6928" started-at="2017-10-04T16:43:43Z" finished-at="2017-10-04T16:43:50Z">
          <reporter-output>
          </reporter-output>
        </test-method> <!-- a -->
        <test-method status="PASS" signature="f()[pri:0, instance:modules.TestNG@402f32ff]" name="f" duration-ms="303" started-at="2017-10-04T16:43:50Z" finished-at="2017-10-04T16:43:51Z">
          <reporter-output>
          </reporter-output>
        </test-method> <!-- f -->
        <test-method status="PASS" signature="c()[pri:0, instance:modules.TestNG@402f32ff]" name="c" is-config="true" duration-ms="1" started-at="2017-10-04T16:43:51Z" finished-at="2017-10-04T16:43:51Z">
          <reporter-output>
          </reporter-output>
        </test-method> <!-- c -->
      </class> <!-- modules.TestNG -->
    </test> <!-- Default test -->
  </suite> <!-- Default suite -->
</testng-results>
